<?xml version="1.0" encoding="UTF-8"?>
<testng-results ignored="0" total="1" passed="1" failed="0" skipped="0">
  <reporter-output>
    <line>
      <![CDATA[Test Case Execution started]]>
    </line>
    <line>
      <![CDATA[TestCase Exceuted succesfully]]>
    </line>
  </reporter-output>
  <suite started-at="2024-12-08T16:04:14 IST" name="Default suite" finished-at="2024-12-08T16:04:43 IST" duration-ms="29328">
    <groups>
    </groups>
    <test started-at="2024-12-08T16:04:14 IST" name="Default test" finished-at="2024-12-08T16:04:43 IST" duration-ms="29328">
      <class name="testCases.TestCase4_">
        <test-method is-config="true" signature="launch()[pri:0, instance:testCases.TestCase4_@4b0d79fc]" started-at="2024-12-08T16:04:14 IST" name="launch" finished-at="2024-12-08T16:04:22 IST" duration-ms="7721" status="PASS">
          <reporter-output>
          </reporter-output>
        </test-method> <!-- launch -->
        <test-method signature="TC4_()[pri:0, instance:testCases.TestCase4_@4b0d79fc]" started-at="2024-12-08T16:04:22 IST" name="TC4_" finished-at="2024-12-08T16:04:43 IST" duration-ms="21373" status="PASS">
          <reporter-output>
            <line>
              <![CDATA[Test Case Execution started]]>
            </line>
            <line>
              <![CDATA[TestCase Exceuted succesfully]]>
            </line>
          </reporter-output>
        </test-method> <!-- TC4_ -->
      </class> <!-- testCases.TestCase4_ -->
    </test> <!-- Default test -->
  </suite> <!-- Default suite -->
</testng-results>
